生成启动时间为 2018/1/13 21:37:24。
     1>项目“D:\大二上\属兔大实习\Image_processing\project4\project4\project4.vcxproj”在节点 2 上(build 个目标)。
     1>InitializeBuildStatus:
         正在创建“Debug\project4.unsuccessfulbuild”，因为已指定“AlwaysCreate”。
       ClCompile:
         所有输出均为最新。
         D:\software\VC\bin\CL.exe /c /I..\include /ZI /nologo /W3 /WX- /Od /Oy- /D WIN32 /D _DEBUG /D _CONSOLE /D _UNICODE /D UNICODE /Gm /EHsc /RTC1 /MDd /GS /fp:precise /Zc:wchar_t /Zc:forScope /Yu"StdAfx.h" /Fp"Debug\project4.pch" /Fo"Debug\\" /Fd"Debug\vc100.pdb" /Gd /TP /analyze- /errorReport:prompt project4.cpp
         project4.cpp
     1>d:\大二上\属兔大实习\image_processing\project4\project4\project4.cpp(50): warning C4244: “初始化”: 从“double”转换到“int”，可能丢失数据
     1>d:\大二上\属兔大实习\image_processing\project4\project4\project4.cpp(51): warning C4244: “初始化”: 从“double”转换到“int”，可能丢失数据
     1>d:\大二上\属兔大实习\image_processing\project4\project4\project4.cpp(90): warning C4244: “=”: 从“double”转换到“float”，可能丢失数据
     1>d:\大二上\属兔大实习\image_processing\project4\project4\project4.cpp(91): warning C4244: “=”: 从“float”转换到“int”，可能丢失数据
     1>d:\大二上\属兔大实习\image_processing\project4\project4\project4.cpp(92): warning C4244: “=”: 从“float”转换到“int”，可能丢失数据
     1>d:\大二上\属兔大实习\image_processing\project4\project4\project4.cpp(100): warning C4244: “初始化”: 从“float”转换到“int”，可能丢失数据
     1>d:\大二上\属兔大实习\image_processing\project4\project4\project4.cpp(101): warning C4244: “初始化”: 从“float”转换到“int”，可能丢失数据
     1>d:\大二上\属兔大实习\image_processing\project4\project4\project4.cpp(122): warning C4305: “*=”: 从“double”到“float”截断
     1>d:\大二上\属兔大实习\image_processing\project4\project4\project4.cpp(125): warning C4244: “=”: 从“float”转换到“int”，可能丢失数据
     1>d:\大二上\属兔大实习\image_processing\project4\project4\project4.cpp(126): warning C4244: “=”: 从“float”转换到“int”，可能丢失数据
     1>d:\大二上\属兔大实习\image_processing\project4\project4\project4.cpp(134): warning C4244: “初始化”: 从“float”转换到“int”，可能丢失数据
     1>d:\大二上\属兔大实习\image_processing\project4\project4\project4.cpp(135): warning C4244: “初始化”: 从“float”转换到“int”，可能丢失数据
       ManifestResourceCompile:
         所有输出均为最新。
       Link:
         D:\software\VC\bin\link.exe /ERRORREPORT:PROMPT /OUT:"D:\大二上\属兔大实习\Image_processing\project4\Debug\project4.exe" /INCREMENTAL /NOLOGO kernel32.lib user32.lib gdi32.lib winspool.lib comdlg32.lib advapi32.lib shell32.lib ole32.lib oleaut32.lib uuid.lib odbc32.lib odbccp32.lib /MANIFEST /ManifestFile:"Debug\project4.exe.intermediate.manifest" /MANIFESTUAC:"level='asInvoker' uiAccess='false'" /DEBUG /PDB:"D:\大二上\属兔大实习\Image_processing\project4\Debug\project4.pdb" /SUBSYSTEM:CONSOLE /TLBID:1 /DYNAMICBASE /NXCOMPAT /IMPLIB:"D:\大二上\属兔大实习\Image_processing\project4\Debug\project4.lib" /MACHINE:X86 Debug\project4.exe.embed.manifest.res
         Debug\project4.obj
         Debug\stdafx.obj
         opencv_core246d.lib
         opencv_highgui246d.lib
       Manifest:
         C:\Program Files (x86)\Microsoft SDKs\Windows\v7.0A\bin\mt.exe /nologo /verbose /out:"Debug\project4.exe.embed.manifest" /manifest Debug\project4.exe.intermediate.manifest
         所有输出均为最新。
       LinkEmbedManifest:
         所有输出均为最新。
         project4.vcxproj -> D:\大二上\属兔大实习\Image_processing\project4\Debug\project4.exe
       FinalizeBuildStatus:
         正在删除文件“Debug\project4.unsuccessfulbuild”。
         正在对“Debug\project4.lastbuildstate”执行 Touch 任务。
     1>已完成生成项目“D:\大二上\属兔大实习\Image_processing\project4\project4\project4.vcxproj”(build 个目标)的操作。

生成成功。

已用时间 00:00:01.54
